<?xml version="1.0" encoding="UTF-8"?>
<robot generator="Robot 3.1.2 (Python 3.8.2 on win32)" generated="20200330 00:50:28.221" rpa="false">
<suite id="s1" name="Contact Tests" source="C:\Users\Leonel Bonifazi\Documents\Python\jobsity_exercise\tests\contact_tests.robot">
<kw name="Open Browser To Home Page" library="resource" type="setup">
<kw name="Open Browser" library="SeleniumLibrary">
<doc>Opens a new browser instance to the optional ``url``.</doc>
<arguments>
<arg>${Home URL}</arg>
<arg>${BROWSER}</arg>
</arguments>
<msg timestamp="20200330 00:50:28.499" level="INFO">Opening browser 'Chrome' to base url 'http://www.automationpractice.com/index.php'.</msg>
<errors>
<msg timestamp="20200330 00:50:32.157" level="ERROR">Execution stopped by user.</msg>
</errors>
</robot>
